<?xml version="1.0" encoding="UTF-8"?>
<!-- Generated by org.testng.reporters.JUnitReportReporter -->
<testsuite skipped="0" hostname="LAPTOP-B6MQFRDE" name="com.vyomlabs.backup.scripts.TC002" tests="1" failures="0" timestamp="2021-10-04T14:28:43 EDT" time="16.491" errors="0">
  <testcase name="deleteProduct" time="16.491" classname="com.vyomlabs.backup.scripts.TC002"/>
  <system-out/>
</testsuite> <!-- com.vyomlabs.backup.scripts.TC002 -->
