<?xml version="1.0" encoding="UTF-8"?>
<!-- Generated by org.testng.reporters.JUnitReportReporter -->
<testsuite skipped="0" hostname="LAPTOP-B6MQFRDE" name="com.vyomlabs.backup.scripts.TC001" tests="1" failures="0" timestamp="2021-10-05T12:37:03 EDT" time="55.662" errors="0">
  <testcase name="testLogin" time="55.662" classname="com.vyomlabs.backup.scripts.TC001"/>
  <system-out/>
</testsuite> <!-- com.vyomlabs.backup.scripts.TC001 -->
