<?xml version="1.0" encoding="UTF-8"?>
<!-- Generated by org.testng.reporters.JUnitReportReporter -->
<testsuite skipped="0" hostname="LAPTOP-B6MQFRDE" name="com.vyomlabs.backup.scripts.TC001" tests="1" failures="0" timestamp="2021-10-04T14:29:25 EDT" time="15.508" errors="0">
  <testcase name="testLogin" time="15.508" classname="com.vyomlabs.backup.scripts.TC001"/>
  <system-out/>
</testsuite> <!-- com.vyomlabs.backup.scripts.TC001 -->
